<?xml version="1.0" encoding="UTF-8"?>
<testng-results ignored="0" total="1" passed="1" failed="0" skipped="0">
  <reporter-output>
  </reporter-output>
  <suite started-at="2022-06-04T09:33:59 EET" name="nopnommerce Regression Suite" finished-at="2022-06-04T09:34:04 EET" duration-ms="4703">
    <groups>
    </groups>
    <test started-at="2022-06-04T09:33:59 EET" name="Regression Test" finished-at="2022-06-04T09:34:04 EET" duration-ms="4703">
      <class name="tests.UserRegistrationTest">
        <test-method is-config="true" signature="startDriver(java.lang.String)[pri:0, instance:tests.UserRegistrationTest@74751b3]" started-at="2022-06-04T09:33:37 EET" name="startDriver" finished-at="2022-06-04T09:33:59 EET" duration-ms="21806" status="PASS">
          <params>
            <param index="0">
              <value>
                <![CDATA[firefox]]>
              </value>
            </param>
          </params>
          <reporter-output>
          </reporter-output>
        </test-method> <!-- startDriver -->
        <test-method signature="UserCanRegisterSuccessfully()[pri:0, instance:tests.UserRegistrationTest@74751b3]" started-at="2022-06-04T09:33:59 EET" name="UserCanRegisterSuccessfully" finished-at="2022-06-04T09:34:04 EET" duration-ms="4489" status="PASS">
          <reporter-output>
          </reporter-output>
        </test-method> <!-- UserCanRegisterSuccessfully -->
        <test-method is-config="true" signature="stopDriver()[pri:0, instance:tests.UserRegistrationTest@74751b3]" started-at="2022-06-04T09:34:04 EET" name="stopDriver" finished-at="2022-06-04T09:34:07 EET" duration-ms="3149" status="PASS">
          <reporter-output>
          </reporter-output>
        </test-method> <!-- stopDriver -->
      </class> <!-- tests.UserRegistrationTest -->
    </test> <!-- Regression Test -->
  </suite> <!-- nopnommerce Regression Suite -->
</testng-results>
